# Chunk-averaged data for fix stress_profile and group all
# Timestep Number-of-chunks Total-count
# Chunk Coord1 Ncount c_mystress[1] c_mystress[2] c_mystress[3] density/number
1000000 1000 77920.00000000006
  1 -49.95 0 0 0 0 0
  2 -49.85 0 0 0 0 0
  3 -49.75 0 0 0 0 0
  4 -49.65 0 0 0 0 0
  5 -49.55 0 0 0 0 0
  6 -49.45 0 0 0 0 0
  7 -49.35 0 0 0 0 0
  8 -49.25 0 0 0 0 0
  9 -49.15 0 0 0 0 0
  10 -49.05 0 0 0 0 0
  11 -48.95 0 0 0 0 0
  12 -48.85 0 0 0 0 0
  13 -48.75 0 0 0 0 0
  14 -48.65 0 0 0 0 0
  15 -48.55 0 0 0 0 0
  16 -48.45 0 0 0 0 0
  17 -48.35 0 0 0 0 0
  18 -48.25 0 0 0 0 0
  19 -48.15 0 0 0 0 0
  20 -48.05 0 0 0 0 0
  21 -47.95 0 0 0 0 0
  22 -47.85 0 0 0 0 0
  23 -47.75 0 0 0 0 0
  24 -47.65 0 0 0 0 0
  25 -47.55 0 0 0 0 0
  26 -47.45 0 0 0 0 0
  27 -47.35 0 0 0 0 0
  28 -47.25 0 0 0 0 0
  29 -47.15 0 0 0 0 0
  30 -47.05 0 0 0 0 0
  31 -46.95 0 0 0 0 0
  32 -46.85 0 0 0 0 0
  33 -46.75 0 0 0 0 0
  34 -46.65 0 0 0 0 0
  35 -46.55 0 0 0 0 0
  36 -46.45 0 0 0 0 0
  37 -46.35 0 0 0 0 0
  38 -46.25 0 0 0 0 0
  39 -46.15 0 0 0 0 0
  40 -46.05 0 0 0 0 0
  41 -45.95 0 0 0 0 0
  42 -45.85 0 0 0 0 0
  43 -45.75 0 0 0 0 0
  44 -45.65 0 0 0 0 0
  45 -45.55 0 0 0 0 0
  46 -45.45 0 0 0 0 0
  47 -45.35 0 0 0 0 0
  48 -45.25 0 0 0 0 0
  49 -45.15 0 0 0 0 0
  50 -45.05 0 0 0 0 0
  51 -44.95 0 0 0 0 0
  52 -44.85 0 0 0 0 0
  53 -44.75 0 0 0 0 0
  54 -44.65 0 0 0 0 0
  55 -44.55 0 0 0 0 0
  56 -44.45 0 0 0 0 0
  57 -44.35 0 0 0 0 0
  58 -44.25 0 0 0 0 0
  59 -44.15 0 0 0 0 0
  60 -44.05 0 0 0 0 0
  61 -43.95 0 0 0 0 0
  62 -43.85 0 0 0 0 0
  63 -43.75 0 0 0 0 0
  64 -43.65 0 0 0 0 0
  65 -43.55 0 0 0 0 0
  66 -43.45 0 0 0 0 0
  67 -43.35 0 0 0 0 0
  68 -43.25 0 0 0 0 0
  69 -43.15 0 0 0 0 0
  70 -43.05 0 0 0 0 0
  71 -42.95 224 -4.05296e+07 -4.05297e+07 -2.31782e+07 1.99776
  72 -42.85 0 0 0 0 0
  73 -42.75 0 0 0 0 0
  74 -42.65 0 0 0 0 0
  75 -42.55 0 0 0 0 0
  76 -42.45 0 0 0 0 0
  77 -42.35 0 0 0 0 0
  78 -42.25 0 0 0 0 0
  79 -42.15 0 0 0 0 0
  80 -42.05 0 0 0 0 0
  81 -41.95 0 0 0 0 0
  82 -41.85 0 0 0 0 0
  83 -41.75 0 0 0 0 0
  84 -41.65 0 0 0 0 0
  85 -41.55 0 0 0 0 0
  86 -41.45 0 0 0 0 0
  87 -41.35 0 0 0 0 0
  88 -41.25 0 0 0 0 0
  89 -41.15 0 0 0 0 0
  90 -41.05 0 0 0 0 0
  91 -40.95 224 -4.63787e+07 -4.63784e+07 -4.64676e+07 1.99776
  92 -40.85 0 0 0 0 0
  93 -40.75 0 0 0 0 0
  94 -40.65 0 0 0 0 0
  95 -40.55 0 0 0 0 0
  96 -40.45 0 0 0 0 0
  97 -40.35 0 0 0 0 0
  98 -40.25 0 0 0 0 0
  99 -40.15 0 0 0 0 0
  100 -40.05 0 0 0 0 0
  101 -39.95 0 0 0 0 0
  102 -39.85 0 0 0 0 0
  103 -39.75 0 0 0 0 0
  104 -39.65 0 0 0 0 0
  105 -39.55 0 0 0 0 0
  106 -39.45 0 0 0 0 0
  107 -39.35 0 0 0 0 0
  108 -39.25 0 0 0 0 0
  109 -39.15 0 0 0 0 0
  110 -39.05 224 -4.6376e+07 -4.63757e+07 -4.64551e+07 1.99776
  111 -38.95 0 0 0 0 0
  112 -38.85 0 0 0 0 0
  113 -38.75 0 0 0 0 0
  114 -38.65 0 0 0 0 0
  115 -38.55 0 0 0 0 0
  116 -38.45 0 0 0 0 0
  117 -38.35 0 0 0 0 0
  118 -38.25 0 0 0 0 0
  119 -38.15 0 0 0 0 0
  120 -38.05 0 0 0 0 0
  121 -37.95 0 0 0 0 0
  122 -37.85 0 0 0 0 0
  123 -37.75 0 0 0 0 0
  124 -37.65 0 0 0 0 0
  125 -37.55 0 0 0 0 0
  126 -37.45 0 0 0 0 0
  127 -37.35 0 0 0 0 0
  128 -37.25 0 0 0 0 0
  129 -37.15 0 0 0 0 0
  130 -37.05 224 -4.05156e+07 -4.05157e+07 -2.31793e+07 1.99776
  131 -36.95 0 0 0 0 0
  132 -36.85 0 0 0 0 0
  133 -36.75 0 0 0 0 0
  134 -36.65 0 0 0 0 0
  135 -36.55 0 0 0 0 0
  136 -36.45 0 0 0 0 0
  137 -36.35 0 0 0 0 0
  138 -36.25 0 0 0 0 0
  139 -36.15 0 0 0 0 0
  140 -36.05 0 0 0 0 0
  141 -35.95 0 0 0 0 0
  142 -35.85 0 0 0 0 0
  143 -35.75 0 0 0 0 0
  144 -35.65 0 0 0 0 0
  145 -35.55 0 0 0 0 0
  146 -35.45 0.002 103219 -8340.29 -25329.5 1.78371e-05
  147 -35.35 0.034 322747 154898 -90259.8 0.000303231
  148 -35.25 0.19 237259 218830 -94880 0.00169453
  149 -35.15 0.454 253416 220009 -101102 0.00404903
  150 -35.05 0.795 242899 234433 -94288.9 0.00709027
  151 -34.95 1.111 229917 245561 -89468.2 0.00990853
  152 -34.85 1.436 231744 231003 -70744.9 0.0128071
  153 -34.75 1.689 241659 239686 -67719.3 0.0150635
  154 -34.65 1.927 243187 250920 -44312.1 0.0171861
  155 -34.55 2.458 268670 279599 -42425.4 0.0219219
  156 -34.45 3.232 300448 300463 -69469.9 0.0288248
  157 -34.35 4.847 269861 272672 -142438 0.0432283
  158 -34.25 7.881 165723 158212 -204211 0.0702873
  159 -34.15 12.101 54373.8 48772.9 -187853 0.107924
  160 -34.05 17.202 1652.53 7758.45 -149018 0.153417
  161 -33.95 20.819 -14368.4 -7987.81 -100800 0.185676
  162 -33.85 22.853 -27108 -21926.8 -68265.2 0.203816
  163 -33.75 23.632 -14644.1 -7489.05 -49194.4 0.210764
  164 -33.65 22.89 -3295.8 6992.45 -29784.7 0.204146
  165 -33.55 21.683 -2232.78 -3694 -18791.5 0.193381
  166 -33.45 19.822 6542.92 4411.46 -9870.77 0.176784
  167 -33.35 18.142 14953.1 -2627.94 548.078 0.161801
  168 -33.25 16.416 -5988.99 -8586.13 16464.5 0.146407
  169 -33.15 15.121 -2446.71 1808.03 38678.2 0.134858
  170 -33.05 13.857 -12911.3 -11362.4 56477.9 0.123585
  171 -32.95 13.03 -10066 -5181.03 72105.4 0.116209
  172 -32.85 12.034 -17402.9 -8581.95 104507 0.107326
  173 -32.75 11.073 -5.93171 -3973.35 108771 0.0987554
  174 -32.65 10.444 -3308.48 349.521 124436 0.0931456
  175 -32.55 9.819 -3893.61 4195.46 132176 0.0875715
  176 -32.45 9.281 10309.4 -3926.52 150898 0.0827733
  177 -32.35 9.14 5043.48 3345.91 160433 0.0815158
  178 -32.25 8.799 17152.7 9429.32 162338 0.0784745
  179 -32.15 8.771 3021.23 -3966.79 158957 0.0782248
  180 -32.05 8.907 13910.5 1363.3 162596 0.0794377
  181 -31.95 8.585 9810.65 -721.979 150592 0.0765659
  182 -31.85 8.424 18138.4 31161.9 123781 0.0751301
  183 -31.75 8.67 7126.73 9517.04 101349 0.077324
  184 -31.65 8.685 -1028.52 -13665.6 55571.4 0.0774578
  185 -31.55 8.883 -9213.85 -27954.3 17492.5 0.0792237
  186 -31.45 9.348 -18588.1 -21555.2 -19176.9 0.0833708
  187 -31.35 9.843 -49060.6 -37581.8 -56778.1 0.0877855
  188 -31.25 10.482 -32235.7 -36629.2 -73914.9 0.0934845
  189 -31.15 11.431 -33777.8 -31872.3 -85519 0.101948
  190 -31.05 11.897 -23990.8 -31586.5 -89584.9 0.106104
  191 -30.95 12.61 -17570 -17236.2 -77179.6 0.112463
  192 -30.85 12.903 -17128.1 -16965.4 -79475.2 0.115076
  193 -30.75 12.956 -6695.5 -1443.23 -52219.4 0.115549
  194 -30.65 13.323 4339.86 5925.63 -43758.9 0.118822
  195 -30.55 13.274 16142.5 22723.4 -29719.3 0.118385
  196 -30.45 13.184 24767.8 17235.5 -21113.6 0.117582
  197 -30.35 13.037 18038.4 15591.4 -8239 0.116271
  198 -30.25 12.782 19256.7 17290 -6881.03 0.113997
  199 -30.15 12.513 8327.5 22030.9 6986.72 0.111598
  200 -30.05 12.408 17464.6 20070.7 2043.12 0.110662
  201 -29.95 12.064 31911.6 21653.3 17622.1 0.107594
  202 -29.85 11.783 9017.63 17610 21738.7 0.105088
  203 -29.75 11.496 24237.4 19025 20773.1 0.102528
  204 -29.65 11.414 -4037.16 -12194.6 14101.2 0.101797
  205 -29.55 11.332 -8933.86 3617.83 20157.1 0.101065
  206 -29.45 11.129 2875.03 -2390.05 24510.9 0.0992548
  207 -29.35 10.977 -15446.6 -13732 31516.3 0.0978992
  208 -29.25 11.118 -1169.16 -11373.5 23317.6 0.0991567
  209 -29.15 10.821 2716.11 -2638.47 18789.5 0.0965079
  210 -29.05 10.594 -10291 -8007.42 19605.7 0.0944834
  211 -28.95 10.681 746.055 -2945.15 1888.29 0.0952593
  212 -28.85 10.598 -13039.6 -9251.83 15920.6 0.094519
  213 -28.75 10.567 8473.48 -1888.14 6904.41 0.0942426
  214 -28.65 10.717 -14878.1 -31706.4 -1440.68 0.0955803
  215 -28.55 10.701 2235.61 6360.27 -467.699 0.0954376
  216 -28.45 10.855 -5718.9 -7996.6 -6163.9 0.0968111
  217 -28.35 10.793 -1133.07 12181.6 -1880.77 0.0962582
  218 -28.25 10.913 108.653 2566.44 -14104.8 0.0973284
  219 -28.15 11.21 -5162.04 10800.3 -14644.1 0.0999772
  220 -28.05 11.083 -3025.53 4365.77 4952.97 0.0988445
  221 -27.95 11.286 -4197 4319.06 -4433.94 0.100655
  222 -27.85 11.17 8216.57 8645.43 -5712.96 0.0996205
  223 -27.75 11.359 7055.47 7049.21 -339.263 0.101306
  224 -27.65 11.561 5527.68 6113.58 -3648.39 0.103108
  225 -27.55 11.457 3296.1 4374.62 -9069.46 0.10218
  226 -27.45 11.648 2806.69 2943.39 5461.88 0.103884
  227 -27.35 11.535 781.731 8669.39 -3333.51 0.102876
  228 -27.25 11.452 677.914 2716.74 -1496.11 0.102135
  229 -27.15 11.514 5657.57 -5819.43 -2906.1 0.102688
  230 -27.05 11.61 -496.388 -9288.51 -10454 0.103545
  231 -26.95 11.582 6666.75 -267.605 -8505.83 0.103295
  232 -26.85 11.646 -290.183 6456.95 -6714.57 0.103866
  233 -26.75 11.601 -961.963 3163.96 -786.651 0.103464
  234 -26.65 11.564 -2315.89 -428.647 -9844.6 0.103134
  235 -26.55 11.598 13119.6 -1177.32 -4257.7 0.103438
  236 -26.45 11.263 -9959.36 -7941.97 -7959.07 0.10045
  237 -26.35 11.139 2803.85 4065.46 6698.06 0.099344
  238 -26.25 11.289 -8436.68 -7594.35 5968.34 0.100682
  239 -26.15 11.124 -6250.01 7556.54 -1585.34 0.0992102
  240 -26.05 11.261 4900.33 1382.96 11203.2 0.100432
  241 -25.95 11.255 2985.06 12541.4 16231.5 0.100379
  242 -25.85 11.325 4828.85 -8302.29 4654.27 0.101003
  243 -25.75 10.967 11538.3 3952.81 7426.77 0.09781
  244 -25.65 11.277 5957.24 4163.57 6319.44 0.100575
  245 -25.55 11.062 -12683.1 -23201.5 -1002.22 0.0986573
  246 -25.45 11.087 8626.94 4925.23 12600.3 0.0988802
  247 -25.35 11.308 5501.47 -2182.01 1483.65 0.100851
  248 -25.25 11.103 0.405884 -828.971 2883.34 0.0990229
  249 -25.15 10.978 -3811.03 -2997.15 6510.83 0.0979081
  250 -25.05 10.941 8927.75 9578.69 11160.9 0.0975781
  251 -24.95 11.407 -2532.83 1742.09 -10069.4 0.101734
  252 -24.85 11.1 -14714.1 -10269.1 -8811.69 0.0989962
  253 -24.75 11.466 -4666.51 1408.29 437.786 0.10226
  254 -24.65 11.262 -904.228 -73.735 913.33 0.100441
  255 -24.55 11.328 1509.7 -2687.59 -2575.66 0.10103
  256 -24.45 11.375 1095.32 -4603.34 -6601.51 0.101449
  257 -24.35 11.198 -7006.33 -5681.75 1450.82 0.0998702
  258 -24.25 11.507 -5122.71 5318.67 -15368.7 0.102626
  259 -24.15 11.406 3322.55 181.929 -15078.5 0.101725
  260 -24.05 11.438 -5762.82 -3810.8 2325.04 0.102011
  261 -23.95 11.545 -2228.93 13061.5 2845.63 0.102965
  262 -23.85 11.402 -2780.07 2263.87 708.042 0.10169
  263 -23.75 11.354 228.539 -8160.1 -6554.53 0.101261
  264 -23.65 11.318 4977.31 -9925.38 1393.17 0.10094
  265 -23.55 11.384 13720.1 6357.81 4434.34 0.101529
  266 -23.45 11.31 5797.57 -3710.91 5419.89 0.100869
  267 -23.35 11.487 8001.08 3024.24 8913.23 0.102448
  268 -23.25 11.239 4628.93 -5020.58 6565.69 0.100236
  269 -23.15 11.564 -8130.24 2672.76 7558.16 0.103134
  270 -23.05 11.332 -6339.17 -4154.09 2566.77 0.101065
  271 -22.95 11.174 3699.41 3548.05 2964.64 0.0996561
  272 -22.85 11.387 -4910 3854.33 -2238.84 0.101556
  273 -22.75 11.5 784.314 -1885.3 -5506.03 0.102564
  274 -22.65 11.364 2646.05 2554.08 -1418.02 0.101351
  275 -22.55 11.277 13031.2 8289.46 -757.913 0.100575
  276 -22.45 11.265 3807.39 -4753.36 -0.4235 0.100468
  277 -22.35 11.242 6985.96 10352 -3375.77 0.100263
  278 -22.25 11.186 -10036.3 -752.609 1844.62 0.0997632
  279 -22.15 11.351 -13631.9 -7733.7 -1844.44 0.101235
  280 -22.05 11.211 -26.694 4535.41 7028.61 0.0999861
  281 -21.95 11.353 -10224.2 2728.74 7358.61 0.101253
  282 -21.85 11.466 -9598.6 14450.2 -8664.06 0.10226
  283 -21.75 11.201 2207.69 -4100.57 -2783.02 0.0998969
  284 -21.65 11.26 4930.96 -1718.85 -5591.75 0.100423
  285 -21.55 11.426 -6291.62 -2857.61 4586.49 0.101904
  286 -21.45 11.54 16633 -12178.6 9593.96 0.10292
  287 -21.35 11.265 3151.09 8657.02 -903.163 0.100468
  288 -21.25 11.154 1402.12 4713.03 3202.86 0.0994778
  289 -21.15 11.302 -1487.45 1190.85 3660.19 0.100798
  290 -21.05 11.327 -12002.5 953 -1753.81 0.101021
  291 -20.95 11.253 4768.62 -7443.09 4563.61 0.100361
  292 -20.85 11.269 -3554.08 -6986.67 2951.4 0.100503
  293 -20.75 11.283 -3251.71 3968.41 -73.4088 0.100628
  294 -20.65 11.349 630.257 -3586.35 -2887.49 0.101217
  295 -20.55 11.283 5205.92 6785.22 -4020.17 0.100628
  296 -20.45 11.228 3858.62 6613.61 4507.53 0.100138
  297 -20.35 11.312 492.231 -2476.74 3181.13 0.100887
  298 -20.25 11.266 -15416.5 -2392.07 -13425.4 0.100477
  299 -20.15 11.274 14603.5 21096.9 -315.841 0.100548
  300 -20.05 11.24 -2589.85 -2334.5 -261.44 0.100245
  301 -19.95 11.325 -4914.06 4168.34 -7945.31 0.101003
  302 -19.85 11.506 -1519.5 -5888.36 -4311.87 0.102617
  303 -19.75 11.346 9106.36 10191.4 8094.82 0.10119
  304 -19.65 11.278 -3718.25 -5953.22 -7420.81 0.100584
  305 -19.55 11.381 -4106.85 -9200.45 -2966.44 0.101502
  306 -19.45 11.16 -572.051 -5831.31 4847.99 0.0995313
  307 -19.35 11.174 -8103.62 -3679.48 4709.79 0.0996561
  308 -19.25 11.545 2385.99 -4514.65 5557.72 0.102965
  309 -19.15 11.34 3924.5 -2425.06 -10600.9 0.101137
  310 -19.05 11.269 -3716.51 2156.78 929.528 0.100503
  311 -18.95 11.35 7813.68 9820.94 5558.83 0.101226
  312 -18.85 11.178 -227.627 396.577 4432.05 0.0996918
  313 -18.75 11.351 9155.75 -5643.11 46.9675 0.101235
  314 -18.65 11.381 4815.25 -388.917 5943.66 0.101502
  315 -18.55 11.157 5442.31 9785.35 2369.96 0.0995045
  316 -18.45 11.228 -1895.03 5301.73 -8578.66 0.100138
  317 -18.35 11.266 -5815.89 -684.633 5861.72 0.100477
  318 -18.25 11.41 7130.41 3744.16 -8898.66 0.101761
  319 -18.15 11.365 3016.65 7015.74 -892.971 0.10136
  320 -18.05 11.277 6256.69 13463.1 4857.52 0.100575
  321 -17.95 11.288 885.582 -7856.24 -768.328 0.100673
  322 -17.85 11.324 -3024.46 -5768.3 -11070.8 0.100994
  323 -17.75 11.331 2493.93 -1256.18 -1381.36 0.101056
  324 -17.65 11.2 13356.9 8520.88 -11088.5 0.099888
  325 -17.55 11.323 -3642 -9817.34 -2438.63 0.100985
  326 -17.45 11.336 -2238.8 3129.11 4068.11 0.101101
  327 -17.35 11.415 -3839.34 -1389.27 4278.98 0.101806
  328 -17.25 11.463 -845.644 -12074.1 -291.01 0.102234
  329 -17.15 11.506 5476.56 18775.3 1065.61 0.102617
  330 -17.05 11.304 5182.19 9608.48 -9838.65 0.100816
  331 -16.95 11.175 -3584.88 -4460.46 6872.23 0.0996651
  332 -16.85 11.275 -2997.88 3163.37 6656.19 0.100557
  333 -16.75 11.224 -11972 -1851.26 8033.97 0.100102
  334 -16.65 11.314 2543.26 3543.29 -1082.33 0.100905
  335 -16.55 11.457 -1491.68 8517 -5944.39 0.10218
  336 -16.45 11.167 -2777.37 -962.372 3736.34 0.0995937
  337 -16.35 11.212 154.468 1082.18 4643.51 0.099995
  338 -16.25 11.313 2169.12 -1246.91 3534.82 0.100896
  339 -16.15 11.258 10489 5402.33 1680.45 0.100405
  340 -16.05 11.309 541.645 -1884.46 5266.7 0.10086
  341 -15.95 11.263 2913.51 -2960.64 5621.24 0.10045
  342 -15.85 11.294 -2824.93 -1147.59 -7213.65 0.100726
  343 -15.75 11.264 3656.95 -10807.9 13141.8 0.100459
  344 -15.65 11.41 -8009.58 -7879.12 -427.133 0.101761
  345 -15.55 11.32 2889 -1750.86 3545.75 0.100958
  346 -15.45 11.232 -8085.2 -7668.01 -4658.19 0.100173
  347 -15.35 11.351 -3232.91 -8241.9 7130.25 0.101235
  348 -15.25 11.27 811.152 9453.87 -5972.53 0.100512
  349 -15.15 11.33 1631.01 -221.808 -11262.9 0.101047
  350 -15.05 11.33 3753.88 3127.88 -9762.01 0.101047
  351 -14.95 11.298 -2260.15 -5238.32 -770.156 0.100762
  352 -14.85 11.312 4850.04 2841.75 -3080.13 0.100887
  353 -14.75 11.215 8184.6 -7410.99 8766.7 0.100022
  354 -14.65 11.302 -7846.26 -189.636 -5701.17 0.100798
  355 -14.55 11.315 4645.36 6978.26 -1224.82 0.100914
  356 -14.45 11.161 9364.04 10906.7 7242.81 0.0995402
  357 -14.35 11.363 3888.7 10567 6086.02 0.101342
  358 -14.25 11.423 -1197.9 -8253.03 -9760.31 0.101877
  359 -14.15 11.245 9290.86 6429.2 1787.36 0.100289
  360 -14.05 11.328 -899.95 2972.33 -9566.87 0.10103
  361 -13.95 11.154 -5726.07 4877.04 -2842.21 0.0994778
  362 -13.85 11.139 -10694.9 1902.94 1452.63 0.099344
  363 -13.75 11.423 941.648 1978.32 -2783.86 0.101877
  364 -13.65 11.291 -12720.9 -7542 5392.81 0.1007
  365 -13.55 11.121 -22.001 -6085.66 6976.59 0.0991834
  366 -13.45 11.217 -2228.21 517.136 -12769.4 0.10004
  367 -13.35 11.134 4899.29 54.5204 3369.05 0.0992994
  368 -13.25 11.475 1730.02 -6856.66 4508.11 0.102341
  369 -13.15 11.23 8589.29 14103.8 14110.9 0.100156
  370 -13.05 11.28 3020.4 12803.6 -2299.93 0.100602
  371 -12.95 11.341 2198.48 2140.39 7188.84 0.101146
  372 -12.85 11.379 1785.88 -10056.2 -2102.47 0.101484
  373 -12.75 11.306 20136 797.64 -5213.36 0.100833
  374 -12.65 11.356 -7045.49 -3965.84 -11242.7 0.101279
  375 -12.55 11.32 6725.44 1504.72 2807.8 0.100958
  376 -12.45 11.287 -2300.98 410.417 -4226.4 0.100664
  377 -12.35 11.173 -405.895 11694.1 6903.05 0.0996472
  378 -12.25 11.219 -2674 2306.37 1825.2 0.100057
  379 -12.15 11.405 5420.76 -1862.95 -6336.94 0.101716
  380 -12.05 11.334 -11631.6 -657.425 -10542.4 0.101083
  381 -11.95 11.256 614.949 -1701.15 -17787.6 0.100387
  382 -11.85 11.407 -8117.53 -6648.76 1177.37 0.101734
  383 -11.75 11.538 8908.78 -3634.89 11302.5 0.102902
  384 -11.65 11.18 -5275.56 -8344.5 -8698.3 0.0997096
  385 -11.55 11.157 1262.6 12927 4702.11 0.0995045
  386 -11.45 11.096 -3719 1021.66 -2731.77 0.0989605
  387 -11.35 11.194 -2393.9 2028.3 -6162.39 0.0998345
  388 -11.25 11.465 -12911.2 -6071.06 5896.57 0.102251
  389 -11.15 11.303 -1430.42 10297.4 756.94 0.100807
  390 -11.05 11.218 8656.89 -3914.44 12729.8 0.100049
  391 -10.95 11.303 5161.36 -2808.2 7149.47 0.100807
  392 -10.85 11.301 -272.876 -1739.03 -15190.7 0.100789
  393 -10.75 11.191 7743.24 13357.2 8832.87 0.0998077
  394 -10.65 11.206 -1506.67 264.406 -881.063 0.0999415
  395 -10.55 11.252 -3482.73 -1733.3 9213.05 0.100352
  396 -10.45 11.32 -1141.53 7224.42 -2959.93 0.100958
  397 -10.35 11.216 3191.46 1461.49 -14487.7 0.100031
  398 -10.25 11.367 5976.66 -1260.37 -8132.24 0.101377
  399 -10.15 11.277 -1362.6 -4138.18 1082.24 0.100575
  400 -10.05 11.363 1418.82 2995.73 11469.1 0.101342
  401 -9.95 11.372 -14287 -5192.13 -1676.12 0.101422
  402 -9.85 11.275 -4963.66 10485 9161.3 0.100557
  403 -9.75 11.57 4647.46 -5333.01 6391.5 0.103188
  404 -9.65 11.348 -3641.8 3477.62 4124.91 0.101208
  405 -9.55 11.104 8236.61 3199.95 6832.39 0.0990318
  406 -9.45 11.398 1829.16 2511.75 -5866.23 0.101654
  407 -9.35 11.239 -6576.17 6495.34 2365.35 0.100236
  408 -9.25 11.349 6014.15 -3538.62 -8842.07 0.101217
  409 -9.15 11.431 -4187.3 -19200 -4114.41 0.101948
  410 -9.05 11.281 -14389.9 -12733.4 -2946.63 0.10061
  411 -8.95 11.287 -9666.6 2714.81 3512.92 0.100664
  412 -8.85 11.255 -2706.55 9197.07 -5815.85 0.100379
  413 -8.75 11.188 7497.64 11338.1 -2817.81 0.099781
  414 -8.65 11.471 9773.67 -105.317 -1536.04 0.102305
  415 -8.55 11.258 3447.95 -12618 -2189.1 0.100405
  416 -8.45 11.43 -6887.87 -2223 2749.38 0.101939
  417 -8.35 11.414 -3759.9 -133.094 4760.1 0.101797
  418 -8.25 11.088 14560.9 98.7344 4285.08 0.0988891
  419 -8.15 11.28 -4043.73 2451.67 -179.563 0.100602
  420 -8.05 11.463 8492.68 -2130.11 5827.72 0.102234
  421 -7.95 11.293 -4716.45 12450.8 11685.6 0.100717
  422 -7.85 11.438 -4793.87 -231.95 -2622.33 0.102011
  423 -7.75 11.227 -3175.46 1901.44 -9478 0.100129
  424 -7.65 11.262 3045.94 -3001.28 -5608.49 0.100441
  425 -7.55 11.394 -254.737 -6513.63 -2281.14 0.101618
  426 -7.45 11.313 1169.62 -10785 7018.06 0.100896
  427 -7.35 11.515 -9470.86 1153.96 -2555.77 0.102697
  428 -7.25 11.107 -9202.86 -8345.48 3338.04 0.0990586
  429 -7.15 11.417 -6328.2 -1657.5 9685.72 0.101823
  430 -7.05 11.396 1374.35 5065.07 -3270.81 0.101636
  431 -6.95 11.218 -5852.27 -13838 9402.96 0.100049
  432 -6.85 11.464 -4515.31 -3740.72 -3443.12 0.102243
  433 -6.75 11.45 2028.03 1823.35 -6899.75 0.102118
  434 -6.65 11.266 13393.5 5473.56 -180.064 0.100477
  435 -6.55 11.441 -468.675 431.115 6248.82 0.102037
  436 -6.45 11.304 -4102.04 -1747.8 1056.67 0.100816
  437 -6.35 11.195 7260.57 1969.85 -5885.72 0.0998434
  438 -6.25 11.321 -5504.5 -1694.63 322.652 0.100967
  439 -6.15 11.268 2041.34 1734.41 4791.71 0.100494
  440 -6.05 11.149 3116.63 -2468.42 7907.23 0.0994332
  441 -5.95 11.337 -3993.59 -812.138 -7728.9 0.10111
  442 -5.85 11.283 -5167.38 -8288.23 -3130.17 0.100628
  443 -5.75 11.407 2581.75 5443.62 14411.7 0.101734
  444 -5.65 11.279 -5904.61 -2771.57 -8359.33 0.100593
  445 -5.55 11.328 -5369.3 -2531.34 -7801.86 0.10103
  446 -5.45 11.19 -5579.1 -6851.68 3470.79 0.0997988
  447 -5.35 11.092 -3809.1 -9381.12 -237.454 0.0989248
  448 -5.25 11.19 -4000.94 -7596.27 5244.6 0.0997988
  449 -5.15 11.456 5008.31 -1843.75 1804.8 0.102171
  450 -5.05 11.199 -2730.99 -5959.55 1396.7 0.0998791
  451 -4.95 11.255 917.058 14369.9 5614.57 0.100379
  452 -4.85 11.358 5628.31 3145.47 -2083.89 0.101297
  453 -4.75 11.36 -8921.43 -266.288 10262.3 0.101315
  454 -4.65 11.386 4773.92 5865.64 -3876.95 0.101547
  455 -4.55 11.35 11918.3 17965.4 10121.7 0.101226
  456 -4.45 11.064 -9489.65 -2031.87 -17047.2 0.0986751
  457 -4.35 11.339 17351.8 3049.81 5604.06 0.101128
  458 -4.25 11.166 4217.32 -15041.2 -13847 0.0995848
  459 -4.15 11.321 1759.88 5729.43 -6137.76 0.100967
  460 -4.05 11.383 -928.713 -4310.62 12867 0.10152
  461 -3.95 11.399 -6467.56 5812.67 2239.79 0.101663
  462 -3.85 11.25 -12720.8 -13049.7 12163.8 0.100334
  463 -3.75 11.459 5873.61 -1752.94 4252.92 0.102198
  464 -3.65 11.405 -3951.65 -6002.65 -6683.32 0.101716
  465 -3.55 11.363 -6505.82 -9866.59 5207.89 0.101342
  466 -3.45 11.436 -38.8679 4312.75 -3095.03 0.101993
  467 -3.35 11.224 -376.945 854.848 -6229.94 0.100102
  468 -3.25 11.189 -2196.57 -6394.14 -4175.29 0.0997899
  469 -3.15 11.233 385.841 -7124.04 -9746.41 0.100182
  470 -3.05 11.405 -758.937 10425.4 5721.63 0.101716
  471 -2.95 11.159 1413.37 7569.06 11894.6 0.0995224
  472 -2.85 11.392 2481.3 -5135.96 -470.745 0.1016
  473 -2.75 11.208 -1521.29 7836.65 14144.6 0.0999594
  474 -2.65 11.368 -2981.42 2841.63 6908.06 0.101386
  475 -2.55 11.304 4864.2 4791.58 13297.2 0.100816
  476 -2.45 11.335 5346.28 2751.5 -2677.82 0.101092
  477 -2.35 11.134 2696.65 -1408.67 8522.08 0.0992994
  478 -2.25 11.231 -3096.84 -17558.9 -13508.1 0.100164
  479 -2.15 11.272 9685.58 5023.63 -7559.09 0.10053
  480 -2.05 11.155 -7945.93 1274.9 6665.83 0.0994867
  481 -1.95 11.317 -6594.2 3079.76 -2666.79 0.100931
  482 -1.85 11.402 -6773.31 -2710.18 -2299.77 0.10169
  483 -1.75 11.308 2238.46 7700.94 7805.35 0.100851
  484 -1.65 11.384 -528.774 -6505.37 -9267.3 0.101529
  485 -1.55 11.309 -8512.58 -9569.87 -12813 0.10086
  486 -1.45 11.389 12005.4 4694.71 2232.19 0.101574
  487 -1.35 11.313 -4870.59 1572.57 6527.07 0.100896
  488 -1.25 11.329 7365.05 -4480.48 -3389.78 0.101039
  489 -1.15 11.187 8340.16 -11101.5 7845.5 0.0997721
  490 -1.05 11.227 -5696.59 -7620.69 -592.792 0.100129
  491 -0.95 11.313 -9634.98 -2305.94 4991.56 0.100896
  492 -0.85 11.181 2836.6 3660.09 21096.6 0.0997186
  493 -0.75 11.407 958.449 11052.8 -1846.81 0.101734
  494 -0.65 11.267 -7728.63 9955.36 -2290.79 0.100486
  495 -0.55 11.299 15303.4 6402.79 3571.15 0.100771
  496 -0.45 11.101 -3835.91 -4384.07 -9317.18 0.0990051
  497 -0.35 11.485 4077.63 3110.2 721.289 0.10243
  498 -0.25 11.254 -4061.3 130.423 -13531.3 0.10037
  499 -0.15 11.417 343.301 -1336.77 -4662.29 0.101823
  500 -0.05 11.265 -2830.69 16995.8 10033 0.100468
  501 0.05 11.217 10304.7 -3480.4 -8141.24 0.10004
  502 0.15 11.391 -6802.74 -1837.74 4797.18 0.101591
  503 0.25 11.249 -3151.93 -8032.91 6003.9 0.100325
  504 0.35 11.291 -7062.79 -7118.98 601.427 0.1007
  505 0.45 11.368 10606.7 5915.41 1656.92 0.101386
  506 0.55 11.322 -5178.71 10659.8 -1608.11 0.100976
  507 0.65 11.409 -7362.54 -6970.4 -3723.71 0.101752
  508 0.75 11.249 1718.71 4624.05 671.844 0.100325
  509 0.85 11.044 1977.14 3325.08 1976.22 0.0984967
  510 0.95 11.282 10943.4 9945.13 1204.3 0.100619
  511 1.05 11.34 -8023.38 -9546.23 -8726.28 0.101137
  512 1.15 11.345 2298.59 1002.23 2762.63 0.101181
  513 1.25 11.182 -3500.92 203.332 3720.23 0.0997275
  514 1.35 11.329 -7719.3 -13399.5 -2019.07 0.101039
  515 1.45 11.368 -223.362 4601.24 -4548.56 0.101386
  516 1.55 11.072 -8057.97 4986.1 -860.721 0.0987464
  517 1.65 11.318 -11503.2 3337.42 2111.86 0.10094
  518 1.75 11.166 997.923 8037.98 10491 0.0995848
  519 1.85 11.323 1796.76 -4982.96 -200.973 0.100985
  520 1.95 11.2 -237.753 6394.16 6062.29 0.099888
  521 2.05 11.417 -2975.8 2446.72 -6083.15 0.101823
  522 2.15 11.363 8697.42 1132.06 -2741.83 0.101342
  523 2.25 11.356 -4708.02 9398.45 -5833.59 0.101279
  524 2.35 11.029 54.1439 -2873.64 6905.21 0.0983629
  525 2.45 11.135 19.3305 -8286.96 8269.38 0.0993083
  526 2.55 11.22 -1872.56 -11410.4 -9813.15 0.100066
  527 2.65 11.282 3784.8 5071.04 713.003 0.100619
  528 2.75 11.194 2296.39 4318.37 423.997 0.0998345
  529 2.85 11.236 -977.736 3006.68 -424.633 0.100209
  530 2.95 11.327 3485.04 -1776.31 7683.28 0.101021
  531 3.05 11.374 3638.65 21.6181 11355.8 0.10144
  532 3.15 11.164 -5381.24 -7625.27 956.749 0.0995669
  533 3.25 11.292 3005.18 17153.5 -7.60049 0.100709
  534 3.35 11.457 -2464.71 4653.34 -10152.1 0.10218
  535 3.45 11.359 -1119.7 815.43 4763.27 0.101306
  536 3.55 11.207 8744.61 -6821.8 -13680.8 0.0999504
  537 3.65 11.112 -806.366 -5625.67 3322.46 0.0991032
  538 3.75 11.347 1424.8 -286.151 -7131.61 0.101199
  539 3.85 11.34 -3656.93 6762.89 9150.15 0.101137
  540 3.95 11.414 -843.723 2326.99 -3095.26 0.101797
  541 4.05 11.087 2506.04 -2239.01 1604.93 0.0988802
  542 4.15 11.107 1023.66 -5486.5 -5594.82 0.0990586
  543 4.25 11.479 2417.3 5498.85 -1486.78 0.102376
  544 4.35 11.322 12693.5 1786.26 8628.55 0.100976
  545 4.45 11.386 2380.12 -9374.82 26.4583 0.101547
  546 4.55 11.31 9548.72 8852.21 2100.44 0.100869
  547 4.65 11.13 -13575.5 -5020.84 -10195.8 0.0992637
  548 4.75 11.251 -9267.5 2699.09 -3851.95 0.100343
  549 4.85 11.083 -8194.3 -11983.4 -7805.07 0.0988445
  550 4.95 11.268 -4220.34 5014.64 1072.57 0.100494
  551 5.05 11.474 4256.25 4895.08 12170.3 0.102332
  552 5.15 11.388 11065.2 -4099.73 -735.867 0.101565
  553 5.25 11.388 -10336.3 -6795.88 -2780.46 0.101565
  554 5.35 11.159 -3116 -3434.32 2221.72 0.0995224
  555 5.45 11.403 -7067.42 -4453.08 -1649.54 0.101698
  556 5.55 11.231 10946.1 12050.7 6626.93 0.100164
  557 5.65 11.303 -4796.84 9251.41 2708.57 0.100807
  558 5.75 11.365 -2313.86 -141.496 -286.428 0.10136
  559 5.85 11.175 5566.21 12941.1 -1147.09 0.0996651
  560 5.95 11.34 1383.34 -5432.38 -4290.9 0.101137
  561 6.05 11.342 -9530.12 525.681 -9150.47 0.101154
  562 6.15 11.283 2619.24 2849.77 -6281.31 0.100628
  563 6.25 11.419 8376.68 -6528.96 4785.07 0.101841
  564 6.35 11.332 -8594.28 -11065.8 3630.04 0.101065
  565 6.45 11.282 1695.75 6219.06 1769.93 0.100619
  566 6.55 11.38 -1220.61 2208.14 1649.86 0.101493
  567 6.65 11.346 6407.14 -1957.62 -6798.56 0.10119
  568 6.75 11.279 -7252.64 -1739.04 2329.24 0.100593
  569 6.85 11.591 -1445.79 3490.83 5903.66 0.103375
  570 6.95 11.345 -157.203 -11180.3 -2152.62 0.101181
  571 7.05 11.318 -2748.36 8542.31 -7325.86 0.10094
  572 7.15 11.544 9185.13 1570.87 -2951.23 0.102956
  573 7.25 11.364 -1141.11 3327.07 2046.07 0.101351
  574 7.35 11.292 1795.19 -9874.85 5209.26 0.100709
  575 7.45 11.213 -10735.1 -4273.65 -5184.9 0.100004
  576 7.55 11.308 -10823.4 -140.832 -7328.62 0.100851
  577 7.65 11.363 7859.87 4498.63 2263.77 0.101342
  578 7.75 11.164 -3230.92 1428.16 1099.53 0.0995669
  579 7.85 11.124 -1217.13 -3240.17 3429.51 0.0992102
  580 7.95 11.185 1307.97 -2932.46 -1447.08 0.0997542
  581 8.05 11.119 -6248.43 1029.22 -1663.84 0.0991656
  582 8.15 11.1 6853.79 7992.89 7658.2 0.0989962
  583 8.25 11.288 8227.85 -4340.68 6227.05 0.100673
  584 8.35 11.076 -2078.16 174.762 1564.34 0.0987821
  585 8.45 11.083 -4946.92 -1531.67 -4296.63 0.0988445
  586 8.55 11.235 4938.39 -950.464 -4385.24 0.1002
  587 8.65 11.229 -1932.35 -7623.42 -5399.41 0.100147
  588 8.75 11.31 -601.775 13526.3 12770.9 0.100869
  589 8.85 11.3 -1108.37 -5644.1 1521.77 0.10078
  590 8.95 11.324 7111.9 4349.24 5695.46 0.100994
  591 9.05 11.252 359.485 1535.26 5504.9 0.100352
  592 9.15 11.314 6961.79 8018.75 4279.48 0.100905
  593 9.25 11.438 947.641 2121.16 -1450.74 0.102011
  594 9.35 11.43 6779.48 1123.69 7912.52 0.101939
  595 9.45 11.425 -7360.11 -7662.32 -6490.15 0.101895
  596 9.55 11.27 13124.9 2677.96 1026.95 0.100512
  597 9.65 11.664 -7384.85 -8290.26 -6955.61 0.104026
  598 9.75 11.461 12016.4 6079.15 3934.62 0.102216
  599 9.85 11.407 6214.75 -63.6057 -5369.67 0.101734
  600 9.95 11.747 -5668.28 2787.27 -10639.5 0.104766
  601 10.05 11.345 -5834.6 4738.71 -10723.2 0.101181
  602 10.15 11.375 -9450.27 423.749 -7920.55 0.101449
  603 10.25 11.574 10163.6 10512 10291.3 0.103224
  604 10.35 11.285 1182.97 2412.06 -5183.78 0.100646
  605 10.45 11.283 -12092.4 3809.84 -348.59 0.100628
  606 10.55 11.328 3477.23 12106.8 9459.29 0.10103
  607 10.65 11.069 -6517.2 982.58 -10266.1 0.0987197
  608 10.75 11.154 3171.15 -7668.35 -12201 0.0994778
  609 10.85 11.17 8209.86 -2130.62 4682.06 0.0996205
  610 10.95 10.937 -511.365 4879.12 -2678.67 0.0975424
  611 11.05 11.065 13705.1 -5273.27 -8090.85 0.098684
  612 11.15 11.228 -10601.4 -11719.4 -103.276 0.100138
  613 11.25 10.879 3971.3 466.243 2847.8 0.0970252
  614 11.35 10.766 6984.33 4259.05 2318.26 0.0960174
  615 11.45 10.926 -9419.56 -7660 -1339.88 0.0974443
  616 11.55 10.883 -2348.33 -4335.83 9171.09 0.0970608
  617 11.65 10.635 -8943.24 -18288.2 5503.67 0.094849
  618 11.75 10.844 -2653 -11277.7 -768.644 0.096713
  619 11.85 10.849 1630.58 7339.15 24176.5 0.0967576
  620 11.95 11.012 -12167 -8141.62 13353.8 0.0982113
  621 12.05 10.859 -15064.6 -13121.5 7739.85 0.0968468
  622 12.15 10.957 -188.711 -4420.69 22899.7 0.0977208
  623 12.25 11.258 10540 2871.87 17045.4 0.100405
  624 12.35 11.324 -5357.48 10655 14771.6 0.100994
  625 12.45 11.385 -2350.84 -5.27688 16799.5 0.101538
  626 12.55 11.525 15297 10904 13723.1 0.102787
  627 12.65 11.886 13995.5 15508.9 16834.4 0.106006
  628 12.75 11.985 5719.73 7909.7 1272.9 0.106889
  629 12.85 12.188 25771.6 26585.2 6012.84 0.1087
  630 12.95 12.348 7083 5240.38 676.058 0.110127
  631 13.05 12.686 8679.72 10105.6 -2634.51 0.113141
  632 13.15 12.724 13617.5 9921.24 -12573.1 0.11348
  633 13.25 12.762 9842.6 20287.5 -10962.4 0.113819
  634 13.35 12.741 4806.14 8197.49 -27714.8 0.113632
  635 13.45 12.642 -6970.25 -1769.97 -32638.1 0.112749
  636 13.55 12.435 11193.3 2747.32 -43118.7 0.110902
  637 13.65 12.55 -2899.52 -9723.64 -40103.6 0.111928
  638 13.75 12.149 -13953.2 -7992.89 -58366 0.108352
  639 13.85 11.766 -19753.8 -26068.9 -67322 0.104936
  640 13.95 11.523 -12831.7 -14980.2 -54409.5 0.102769
  641 14.05 11.095 -27004.5 -30542.7 -53956.1 0.0989516
  642 14.15 10.702 -23832.5 -20373.7 -36462.4 0.0954466
  643 14.25 10.163 -28632.5 -14920.3 -19854.9 0.0906395
  644 14.35 9.682 -19902.7 -11871.1 -3661.74 0.0863496
  645 14.45 9.437 -19553.6 -7232.72 30196 0.0841646
  646 14.55 9.146 1097.01 -14014.4 69715.4 0.0815693
  647 14.65 8.981 13473.4 645.439 81920.1 0.0800977
  648 14.75 8.846 8701.32 10668.5 103416 0.0788937
  649 14.85 8.845 1895.42 23899.2 112692 0.0788848
  650 14.95 8.991 9090.37 2703.86 121403 0.0801869
  651 15.05 9.114 13984.1 6680.94 129279 0.0812839
  652 15.15 9.376 3354.4 -285.713 133914 0.0836205
  653 15.25 9.603 -5522.21 2058.7 130197 0.0856451
  654 15.35 10.264 -1051.84 -9401.01 116812 0.0915402
  655 15.45 10.696 -2169.72 -15058.8 108953 0.0953931
  656 15.55 11.29 -3230.25 -7070.11 93867.3 0.100691
  657 15.65 12.027 -5148.63 -12689.7 93384.7 0.107264
  658 15.75 12.87 -2588.22 -5024.12 80548.4 0.114782
  659 15.85 13.665 -3066.39 -7402.38 55647.5 0.121872
  660 15.95 15.005 -10769.8 9636.23 37602.4 0.133823
  661 16.05 15.906 -365.681 -5538.18 21409 0.141859
  662 16.15 17.046 8982.51 -1303.39 8224.63 0.152026
  663 16.25 17.869 -11623.7 -7444.01 68.1088 0.159366
  664 16.35 18.619 2140.64 2211.42 -13730.9 0.166055
  665 16.45 19.349 14540 4496.28 -33330.2 0.172565
  666 16.55 19.192 9844.69 9141.24 -42873.6 0.171165
  667 16.65 18.842 -779.283 -5078.21 -50204.3 0.168044
  668 16.75 17.724 2066.96 3904.18 -69420.5 0.158073
  669 16.85 15.997 4410.19 14740.9 -77560.1 0.14267
  670 16.95 13.955 25309.5 13558.9 -92912.8 0.124459
  671 17.05 11.829 31029.7 31447.7 -103906 0.105498
  672 17.15 9.639 68945.8 57442.7 -113077 0.0859661
  673 17.25 7.609 78936.9 84216.3 -124104 0.0678614
  674 17.35 5.737 118430 119479 -124554 0.0511659
  675 17.45 4.62 -794914 -807360 -662937 0.0412038
  676 17.55 3.685 -1.47515e+06 -1.48013e+06 -1.06297e+06 0.0328649
  677 17.65 2.576 205516 209698 -91114 0.0229742
  678 17.75 2.056 223080 213010 -100040 0.0183366
  679 17.85 1.481 220975 221323 -81326.8 0.0132084
  680 17.95 1.088 223345 230836 -77949 0.00970341
  681 18.05 1.14 -1.45332e+06 -1.43076e+06 -1.04217e+06 0.0101672
  682 18.15 0.891 -1.58539e+06 -1.64245e+06 -1.11592e+06 0.00794645
  683 18.25 0.529 206582 243307 -101605 0.00471793
  684 18.35 0.339 178389 220018 -57080.9 0.0030234
  685 18.45 0.278 162678 281011 -85051.3 0.00247936
  686 18.55 0.221 168702 165766 -63541.5 0.001971
  687 18.65 0.862 -3.19286e+06 -3.04788e+06 -1.95796e+06 0.00768781
  688 18.75 0.379 -2.33828e+06 -2.41379e+06 -1.46945e+06 0.00338014
  689 18.85 1.037 -3.49966e+06 -3.50151e+06 -2.00454e+06 0.00924856
  690 18.95 0.349 -2.59728e+06 -2.6007e+06 -1.49114e+06 0.00311258
  691 19.05 1.217 -7.7063e+06 -7.70536e+06 -4.40777e+06 0.0108539
  692 19.15 1.921 -1.16457e+07 -1.16429e+07 -6.65917e+06 0.0171326
  693 19.25 2.117 -2.38975e+07 -2.38979e+07 -1.36726e+07 0.0188806
  694 19.35 3.695 -3.51227e+07 -3.51159e+07 -2.00972e+07 0.0329541
  695 19.45 8.375 -4.03317e+07 -4.03313e+07 -2.34447e+07 0.074693
  696 19.55 14.228 -4.03479e+07 -4.03477e+07 -2.38059e+07 0.126893
  697 19.65 20.471 -4.0223e+07 -4.02241e+07 -2.30136e+07 0.182572
  698 19.75 19.354 -4.00375e+07 -4.00372e+07 -2.29041e+07 0.17261
  699 19.85 26.98 -4.01837e+07 -4.01838e+07 -2.29896e+07 0.240623
  700 19.95 26.949 -3.99775e+07 -3.99775e+07 -2.28713e+07 0.240347
  701 20.05 26.986 -4.02719e+07 -4.02733e+07 -2.3405e+07 0.240677
  702 20.15 23.608 -4.03582e+07 -4.0358e+07 -2.34007e+07 0.21055
  703 20.25 17.113 -3.64584e+07 -3.64414e+07 -2.08599e+07 0.152624
  704 20.35 12.192 -4.01947e+07 -4.01952e+07 -2.29947e+07 0.108735
  705 20.45 5.69 -2.79906e+07 -2.79903e+07 -1.60131e+07 0.0507467
  706 20.55 3.678 -1.95549e+07 -1.95563e+07 -1.11871e+07 0.0328025
  707 20.65 3.218 -2.02906e+07 -2.02907e+07 -1.23237e+07 0.0287
  708 20.75 2.555 -1.2099e+07 -1.20989e+07 -7.3957e+06 0.022787
  709 20.85 1 -4.02398e+06 -4.02373e+06 -3.64158e+06 0.00891857
  710 20.95 0.98 -3.8382e+06 -3.83737e+06 -2.65027e+06 0.0087402
  711 21.05 2.098 -1.36463e+07 -1.36459e+07 -1.36699e+07 0.0187112
  712 21.15 1.649 -1.80312e+07 -1.80317e+07 -1.76632e+07 0.0147067
  713 21.25 2.777 -2.74055e+07 -2.74062e+07 -2.74536e+07 0.0247669
  714 21.35 4.997 -4.11295e+07 -4.11286e+07 -4.06731e+07 0.0445661
  715 21.45 10.159 -4.60742e+07 -4.60734e+07 -4.59145e+07 0.0906038
  716 21.55 18.22 -4.60131e+07 -4.60125e+07 -4.60907e+07 0.162496
  717 21.65 18.206 -4.60217e+07 -4.602e+07 -4.57695e+07 0.162372
  718 21.75 22.912 -4.60719e+07 -4.6072e+07 -4.58733e+07 0.204342
  719 21.85 28.754 -4.58722e+07 -4.58709e+07 -4.59494e+07 0.256445
  720 21.95 26.716 -4.53971e+07 -4.53963e+07 -4.54737e+07 0.238269
  721 22.05 26.293 -4.6166e+07 -4.61653e+07 -4.6245e+07 0.234496
  722 22.15 21.129 -4.58909e+07 -4.58914e+07 -4.55678e+07 0.188441
  723 22.25 15.983 -4.51642e+07 -4.51636e+07 -4.52425e+07 0.142546
  724 22.35 8.373 -4.13363e+07 -4.13372e+07 -4.14075e+07 0.0746752
  725 22.45 5.201 -3.22687e+07 -3.22684e+07 -3.23237e+07 0.0463855
  726 22.55 2.983 -2.73822e+07 -2.73837e+07 -2.74302e+07 0.0266041
  727 22.65 3.202 -2.30235e+07 -2.30231e+07 -2.30635e+07 0.0285573
  728 22.75 2.094 -9.08192e+06 -9.08187e+06 -9.09803e+06 0.0186755
  729 22.85 1.191 -4.36106e+06 -4.36092e+06 -4.36893e+06 0.010622
  730 22.95 0.974 -4.2664e+06 -4.26613e+06 -4.27457e+06 0.00868669
  731 23.05 1.85 -1.3631e+07 -1.36309e+07 -1.36577e+07 0.0164994
  732 23.15 1.871 -2.27022e+07 -2.27011e+07 -2.27456e+07 0.0166866
  733 23.25 3.436 -3.67409e+07 -3.67395e+07 -3.6811e+07 0.0306442
  734 23.35 7.91 -4.60558e+07 -4.60561e+07 -4.58679e+07 0.0705459
  735 23.45 11.269 -4.59669e+07 -4.59663e+07 -4.55023e+07 0.100503
  736 23.55 20.659 -4.61764e+07 -4.61762e+07 -4.62652e+07 0.184249
  737 23.65 18.864 -4.61436e+07 -4.61437e+07 -4.6231e+07 0.16824
  738 23.75 24.475 -4.61461e+07 -4.61456e+07 -4.62341e+07 0.218282
  739 23.85 29.642 -4.59194e+07 -4.59191e+07 -4.60073e+07 0.264364
  740 23.95 26.056 -4.57529e+07 -4.57532e+07 -4.53162e+07 0.232382
  741 24.05 25.139 -4.61083e+07 -4.61082e+07 -4.57731e+07 0.224204
  742 24.15 17.989 -4.57584e+07 -4.57591e+07 -4.58485e+07 0.160436
  743 24.25 13.956 -4.61128e+07 -4.61122e+07 -4.62015e+07 0.124468
  744 24.35 6.778 -4.07874e+07 -4.07827e+07 -4.08641e+07 0.0604501
  745 24.45 4.091 -2.7595e+07 -2.75947e+07 -2.76482e+07 0.0364859
  746 24.55 3.201 -2.73346e+07 -2.73344e+07 -2.65554e+07 0.0285484
  747 24.65 2.738 -1.82457e+07 -1.82456e+07 -1.77981e+07 0.0244191
  748 24.75 1.623 -4.23829e+06 -4.23869e+06 -3.5251e+06 0.0144748
  749 24.85 0.726 -4.11191e+06 -4.11231e+06 -3.58221e+06 0.00647488
  750 24.95 1.616 -1.21053e+07 -1.2105e+07 -7.30427e+06 0.0144124
  751 25.05 2.071 -1.20937e+07 -1.20936e+07 -7.23569e+06 0.0184704
  752 25.15 2.52 -2.40076e+07 -2.4005e+07 -1.37289e+07 0.0224748
  753 25.25 4.09 -3.62695e+07 -3.62719e+07 -2.16274e+07 0.036477
  754 25.35 8.561 -4.04722e+07 -4.04721e+07 -2.35271e+07 0.0763519
  755 25.45 15.283 -4.03123e+07 -4.03122e+07 -2.30539e+07 0.136303
  756 25.55 19.533 -4.04851e+07 -4.04849e+07 -2.35365e+07 0.174206
  757 25.65 19.541 -4.04584e+07 -4.04578e+07 -2.3518e+07 0.174278
  758 25.75 27.594 -4.03477e+07 -4.03479e+07 -2.30738e+07 0.246099
  759 25.85 28.274 -4.01223e+07 -4.01246e+07 -2.29467e+07 0.252164
  760 25.95 26.478 -4.03316e+07 -4.03313e+07 -2.30649e+07 0.236146
  761 26.05 22.68 -4.04609e+07 -4.04618e+07 -2.34578e+07 0.202273
  762 26.15 16.621 -4.04239e+07 -4.04256e+07 -2.4025e+07 0.148236
  763 26.25 11.026 -4.03562e+07 -4.03565e+07 -2.30797e+07 0.0983362
  764 26.35 5.651 -2.8152e+07 -2.8152e+07 -1.60996e+07 0.0503989
  765 26.45 3.183 -1.98794e+07 -1.98806e+07 -1.13691e+07 0.0283878
  766 26.55 2.506 -2.01187e+07 -2.01181e+07 -1.15052e+07 0.0223499
  767 26.65 2.278 -1.20633e+07 -1.20631e+07 -6.89905e+06 0.0203165
  768 26.75 0.043 -14657.6 5803.15 8051.45 0.000383499
  769 26.85 0.711 -3.83011e+06 -3.8292e+06 -2.19049e+06 0.00634111
  770 26.95 0.037 19666.2 1295.82 -2228.58 0.000329987
  771 27.05 0.253 -3.58972e+06 -3.58965e+06 -2.0499e+06 0.0022564
  772 27.15 0.047 -490.732 -7619.98 -2030.91 0.000419173
  773 27.25 0.265 -3.42463e+06 -3.42574e+06 -1.95949e+06 0.00236342
  774 27.35 0.257 -3.53236e+06 -3.53185e+06 -2.01961e+06 0.00229207
  775 27.45 0.022 -19491.4 8275.64 -3372.07 0.000196209
  776 27.55 0.26 -3.49234e+06 -3.49322e+06 -1.9982e+06 0.00231883
  777 27.65 0.261 -3.47924e+06 -3.47898e+06 -1.99044e+06 0.00232775
  778 27.75 0.027 31091.9 -1634.07 4765.9 0.000240801
  779 27.85 0.033 11906.9 17461.1 13654.3 0.000294313
  780 27.95 0.031 -7163.14 -3778 -7941.22 0.000276476
  781 28.05 0.479 -4.0639e+06 -4.06376e+06 -3.25734e+06 0.004272
  782 28.15 0.035 17695.2 19375.2 8702.83 0.00031215
  783 28.25 0.259 -4.01159e+06 -4.01119e+06 -4.01958e+06 0.00230991
  784 28.35 0.037 -8917.11 -2202.02 5833.2 0.000329987
  785 28.45 0.032 -2072.52 6757.48 -11989 0.000285394
  786 28.55 0.251 -3.61347e+06 -3.61716e+06 -2.06948e+06 0.00223856
  787 28.65 0.021 -10517.6 -23542.5 -20651.7 0.00018729
  788 28.75 0.015 18295.3 7633.07 5811.53 0.000133779
  789 28.85 0.032 17960.5 7221.75 -4909.45 0.000285394
  790 28.95 0.029 -16684.4 -10807.8 -9441.79 0.000258639
  791 29.05 0.025 -24512.3 -22541.1 -392.356 0.000222964
  792 29.15 0.022 7217.71 17607.5 11582.5 0.000196209
  793 29.25 0.022 14973.1 -1655.14 2483.34 0.000196209
  794 29.35 0.016 10053.9 25541.7 -976.796 0.000142697
  795 29.45 0.026 1899.77 26368.3 1692.89 0.000231883
  796 29.55 0.028 11413.9 10448.4 10419.4 0.00024972
  797 29.65 0.021 -5080.61 -5382.14 -4040.68 0.00018729
  798 29.75 0.025 3020.24 -17392.6 21418.5 0.000222964
  799 29.85 0.023 14139 21011.4 3426.41 0.000205127
  800 29.95 0.242 -3.75144e+06 -3.75224e+06 -2.14619e+06 0.00215829
  801 30.05 0.018 4739.69 -18239.4 -6161.17 0.000160534
  802 30.15 0.246 -4.22224e+06 -4.22095e+06 -4.23195e+06 0.00219397
  803 30.25 0.022 -10849.1 10150.2 -22402 0.000196209
  804 30.35 0.015 22533.8 30848.4 -3577.95 0.000133779
  805 30.45 0.235 -4.42002e+06 -4.41994e+06 -4.42903e+06 0.00209586
  806 30.55 0.235 -3.86318e+06 -3.86296e+06 -2.20936e+06 0.00209586
  807 30.65 0.011 -11080 -5878.2 -29735.4 9.81043e-05
  808 30.75 0.008 -32341.5 -8279.65 -3507.68 7.13486e-05
  809 30.85 0.019 33817 18992.3 -20235.8 0.000169453
  810 30.95 0.008 -67322.7 -20657.2 -28575.8 7.13486e-05
  811 31.05 0.01 13639.1 17725.8 27556.6 8.91857e-05
  812 31.15 0.008 -21580 -33016.7 11081.1 7.13486e-05
  813 31.25 0.005 -52541.2 -41951.1 51077.7 4.45929e-05
  814 31.35 0.004 24638.3 80527.7 2980.84 3.56743e-05
  815 31.45 0.009 38367.2 -16391.8 539.734 8.02672e-05
  816 31.55 0.006 -17037.9 -66364.6 -19283.2 5.35114e-05
  817 31.65 0.007 32636.3 43080.4 19515.9 6.243e-05
  818 31.75 0.005 11411.4 19410.8 18462 4.45929e-05
  819 31.85 0.006 20184.7 15773.7 1764.07 5.35114e-05
  820 31.95 0.008 -7221.11 -16849 -1949.82 7.13486e-05
  821 32.05 0.005 37547.5 34612.2 -1834.88 4.45929e-05
  822 32.15 0.231 -3.93027e+06 -3.93005e+06 -2.24893e+06 0.00206019
  823 32.25 0.226 -4.0166e+06 -4.01643e+06 -2.29755e+06 0.0020156
  824 32.35 0.001 119551 -1333.08 -13678.3 8.91857e-06
  825 32.45 0.45 -4.61724e+06 -4.61714e+06 -4.62724e+06 0.00401336
  826 32.55 0.006 -27504.9 -75620.8 -2212.18 5.35114e-05
  827 32.65 0.002 35944.6 44895 18225 1.78371e-05
  828 32.75 0.002 10086.7 -6006.87 -2888.75 1.78371e-05
  829 32.85 0.002 -2486.99 44488.8 9516.24 1.78371e-05
  830 32.95 0.002 1821.25 -11144.3 -939.562 1.78371e-05
  831 33.05 0 0 0 0 0
  832 33.15 0.001 -10093.9 67260.3 -11581.9 8.91857e-06
  833 33.25 0 0 0 0 0
  834 33.35 0 0 0 0 0
  835 33.45 0.004 -1810.91 60617.1 6007.88 3.56743e-05
  836 33.55 0 0 0 0 0
  837 33.65 0.225 -4.03482e+06 -4.03525e+06 -2.30727e+06 0.00200668
  838 33.75 0 0 0 0 0
  839 33.85 0 0 0 0 0
  840 33.95 0 0 0 0 0
  841 34.05 0 0 0 0 0
  842 34.15 0.224 -4.63791e+06 -4.63788e+06 -4.64754e+06 0.00199776
  843 34.25 0 0 0 0 0
  844 34.35 0.001 -4459.75 77195.3 -21564.2 8.91857e-06
  845 34.45 0.448 -4.34544e+06 -4.34543e+06 -3.48329e+06 0.00399552
  846 34.55 0 0 0 0 0
  847 34.65 0 0 0 0 0
  848 34.75 0 0 0 0 0
  849 34.85 0.224 -4.05286e+06 -4.05286e+06 -2.31763e+06 0.00199776
  850 34.95 0 0 0 0 0
  851 35.05 0 0 0 0 0
  852 35.15 0 0 0 0 0
  853 35.25 0 0 0 0 0
  854 35.35 0 0 0 0 0
  855 35.45 0 0 0 0 0
  856 35.55 0 0 0 0 0
  857 35.65 0.224 -4.63791e+06 -4.63788e+06 -4.64741e+06 0.00199776
  858 35.75 0 0 0 0 0
  859 35.85 0.224 -4.05285e+06 -4.05286e+06 -2.3175e+06 0.00199776
  860 35.95 0 0 0 0 0
  861 36.05 0 0 0 0 0
  862 36.15 0.224 -4.63792e+06 -4.63789e+06 -4.64762e+06 0.00199776
  863 36.25 0 0 0 0 0
  864 36.35 0 0 0 0 0
  865 36.45 0.224 -4.05296e+06 -4.05297e+06 -2.31853e+06 0.00199776
  866 36.55 0.224 -4.05283e+06 -4.05284e+06 -2.31729e+06 0.00199776
  867 36.65 0 0 0 0 0
  868 36.75 0 0 0 0 0
  869 36.85 0.224 -4.63791e+06 -4.63787e+06 -4.64728e+06 0.00199776
  870 36.95 0.224 -4.05286e+06 -4.05287e+06 -2.31739e+06 0.00199776
  871 37.05 0 0 0 0 0
  872 37.15 0 0 0 0 0
  873 37.25 0 0 0 0 0
  874 37.35 0 0 0 0 0
  875 37.45 0 0 0 0 0
  876 37.55 0.224 -4.63792e+06 -4.63789e+06 -4.64749e+06 0.00199776
  877 37.65 0 0 0 0 0
  878 37.75 0 0 0 0 0
  879 37.85 0.224 -4.6379e+06 -4.63787e+06 -4.64717e+06 0.00199776
  880 37.95 0 0 0 0 0
  881 38.05 0.224 -4.05296e+06 -4.05297e+06 -2.31835e+06 0.00199776
  882 38.15 0 0 0 0 0
  883 38.25 0 0 0 0 0
  884 38.35 0 0 0 0 0
  885 38.45 0 0 0 0 0
  886 38.55 0.224 -4.6379e+06 -4.63787e+06 -4.64706e+06 0.00199776
  887 38.65 0 0 0 0 0
  888 38.75 0 0 0 0 0
  889 38.85 0.224 -4.63792e+06 -4.63789e+06 -4.64737e+06 0.00199776
  890 38.95 0.224 -4.63791e+06 -4.63787e+06 -4.64705e+06 0.00199776
  891 39.05 0 0 0 0 0
  892 39.15 0 0 0 0 0
  893 39.25 0 0 0 0 0
  894 39.35 0 0 0 0 0
  895 39.45 0 0 0 0 0
  896 39.55 0.224 -4.05296e+06 -4.05297e+06 -2.31823e+06 0.00199776
  897 39.65 0 0 0 0 0
  898 39.75 0.224 -4.63792e+06 -4.63789e+06 -4.64727e+06 0.00199776
  899 39.85 0 0 0 0 0
  900 39.95 0 0 0 0 0
  901 40.05 0 0 0 0 0
  902 40.15 0 0 0 0 0
  903 40.25 0 0 0 0 0
  904 40.35 0 0 0 0 0
  905 40.45 0.224 -4.63792e+06 -4.63789e+06 -4.64718e+06 0.00199776
  906 40.55 0 0 0 0 0
  907 40.65 0 0 0 0 0
  908 40.75 0.224 -4.05296e+06 -4.05297e+06 -2.31811e+06 0.00199776
  909 40.85 0.224 -4.63792e+06 -4.63789e+06 -4.64715e+06 0.00199776
  910 40.95 0 0 0 0 0
  911 41.05 0 0 0 0 0
  912 41.15 0 0 0 0 0
  913 41.25 0 0 0 0 0
  914 41.35 0 0 0 0 0
  915 41.45 0 0 0 0 0
  916 41.55 0 0 0 0 0
  917 41.65 0 0 0 0 0
  918 41.75 0.224 -4.05296e+06 -4.05297e+06 -2.31801e+06 0.00199776
  919 41.85 0 0 0 0 0
  920 41.95 0 0 0 0 0
  921 42.05 0 0 0 0 0
  922 42.15 0 0 0 0 0
  923 42.25 0 0 0 0 0
  924 42.35 0 0 0 0 0
  925 42.45 0.224 -4.05296e+06 -4.05297e+06 -2.31793e+06 0.00199776
  926 42.55 0 0 0 0 0
  927 42.65 0 0 0 0 0
  928 42.75 0 0 0 0 0
  929 42.85 0.224 -4.05296e+06 -4.05297e+06 -2.31788e+06 0.00199776
  930 42.95 0 0 0 0 0
  931 43.05 0 0 0 0 0
  932 43.15 0 0 0 0 0
  933 43.25 0 0 0 0 0
  934 43.35 0 0 0 0 0
  935 43.45 0 0 0 0 0
  936 43.55 0 0 0 0 0
  937 43.65 0 0 0 0 0
  938 43.75 0 0 0 0 0
  939 43.85 0 0 0 0 0
  940 43.95 0 0 0 0 0
  941 44.05 0 0 0 0 0
  942 44.15 0 0 0 0 0
  943 44.25 0 0 0 0 0
  944 44.35 0 0 0 0 0
  945 44.45 0 0 0 0 0
  946 44.55 0 0 0 0 0
  947 44.65 0 0 0 0 0
  948 44.75 0 0 0 0 0
  949 44.85 0 0 0 0 0
  950 44.95 0 0 0 0 0
  951 45.05 0 0 0 0 0
  952 45.15 0 0 0 0 0
  953 45.25 0 0 0 0 0
  954 45.35 0 0 0 0 0
  955 45.45 0 0 0 0 0
  956 45.55 0 0 0 0 0
  957 45.65 0 0 0 0 0
  958 45.75 0 0 0 0 0
  959 45.85 0 0 0 0 0
  960 45.95 0 0 0 0 0
  961 46.05 0 0 0 0 0
  962 46.15 0 0 0 0 0
  963 46.25 0 0 0 0 0
  964 46.35 0 0 0 0 0
  965 46.45 0 0 0 0 0
  966 46.55 0 0 0 0 0
  967 46.65 0 0 0 0 0
  968 46.75 0 0 0 0 0
  969 46.85 0 0 0 0 0
  970 46.95 0 0 0 0 0
  971 47.05 0 0 0 0 0
  972 47.15 0 0 0 0 0
  973 47.25 0 0 0 0 0
  974 47.35 0 0 0 0 0
  975 47.45 0 0 0 0 0
  976 47.55 0 0 0 0 0
  977 47.65 0 0 0 0 0
  978 47.75 0 0 0 0 0
  979 47.85 0 0 0 0 0
  980 47.95 0 0 0 0 0
  981 48.05 0 0 0 0 0
  982 48.15 0 0 0 0 0
  983 48.25 0 0 0 0 0
  984 48.35 0 0 0 0 0
  985 48.45 0 0 0 0 0
  986 48.55 0 0 0 0 0
  987 48.65 0 0 0 0 0
  988 48.75 0 0 0 0 0
  989 48.85 0 0 0 0 0
  990 48.95 0 0 0 0 0
  991 49.05 0 0 0 0 0
  992 49.15 0 0 0 0 0
  993 49.25 0 0 0 0 0
  994 49.35 0 0 0 0 0
  995 49.45 0 0 0 0 0
  996 49.55 0 0 0 0 0
  997 49.65 0 0 0 0 0
  998 49.75 0 0 0 0 0
  999 49.85 0 0 0 0 0
  1000 49.95 0 0 0 0 0
